# DRY: autotools and CMake should use the same sources list.
LIBFAAD_SOURCES = \
  analysis.h \
  bits.c \
  bits.h \
  cfft_tab.h \
  cfft.c \
  cfft.h \
  codebook/hcb_1.h \
  codebook/hcb_10.h \
  codebook/hcb_11.h \
  codebook/hcb_2.h \
  codebook/hcb_3.h \
  codebook/hcb_4.h \
  codebook/hcb_5.h \
  codebook/hcb_6.h \
  codebook/hcb_7.h \
  codebook/hcb_8.h \
  codebook/hcb_9.h \
  codebook/hcb_sf.h \
  codebook/hcb.h \
  common.c \
  common.h \
  decoder.c \
  drc.c \
  drc.h \
  drm_dec.c \
  drm_dec.h \
  error.c \
  error.h \
  filtbank.c \
  filtbank.h \
  fixed.h \
  hcr.c \
  huffman.c \
  huffman.h \
  ic_predict.c \
  ic_predict.h \
  iq_table.h \
  is.c \
  is.h \
  kbd_win.h \
  lt_predict.c \
  lt_predict.h \
  mdct_tab.h \
  mdct.c \
  mdct.h \
  mp4.c \
  mp4.h \
  ms.c \
  ms.h \
  output.c \
  output.h \
  pns.c \
  pns.h \
  ps_dec.c \
  ps_dec.h \
  ps_syntax.c \
  ps_tables.h \
  pulse.c \
  pulse.h \
  rvlc.c \
  rvlc.h \
  sbr_dct.c \
  sbr_dct.h \
  sbr_dec.c \
  sbr_dec.h \
  sbr_e_nf.c \
  sbr_e_nf.h \
  sbr_fbt.c \
  sbr_fbt.h \
  sbr_hfadj.c \
  sbr_hfadj.h \
  sbr_hfgen.c \
  sbr_hfgen.h \
  sbr_huff.c \
  sbr_huff.h \
  sbr_noise.h \
  sbr_qmf_c.h \
  sbr_qmf.c \
  sbr_qmf.h \
  sbr_syntax.c \
  sbr_syntax.h \
  sbr_tf_grid.c \
  sbr_tf_grid.h \
  sine_win.h \
  specrec.c \
  specrec.h \
  ssr_fb.c \
  ssr_fb.h \
  ssr_ipqf.c \
  ssr_ipqf.h \
  ssr_win.h \
  ssr.c \
  ssr.h \
  structs.h \
  syntax.c \
  syntax.h \
  tns.c \
  tns.h
